/* Outline Data File - Simon Daykin                                        */
/* This file contains the data for the outline help system.                */
/*-------------------------------------------------------------------------*/
/* Format for Lines...                                                     */
/*	Level	Icon	Hidden	Title			URL                */
/*-------------------------------------------------------------------------*/
1      1      "Desktop"		" "
1     2       "My Computer"      " "
 2    7       "3½ Floppy (A:)"	"blank.htm"
 2    3        "Windows (C:)"		" "
  3   4         "My Documents"	" "
   4  8         "Document 1"	"blank.htm"
   4  8         "Document 2"	"blank.htm"
  3   4         "Program Files"	" "
   4  4          "Accessories"	" "
    5	 9          "Document 1"	"blank.htm"
    5 	9          "Document 2"	"blank.htm"
   4  	4          "Common Files"	" "
    5 	10          "Document 1"	"blank.htm"
    5 	10          "Document 2"	"blank.htm"
   4  	4          "Direct X"	" "
    5 	11          "Document 1"	"blank.htm"
    5 	11          "Document 2"	"blank.htm"
  3   	4         "Temp"		" "
   4 	8          "~doc1.tmp"		"blank.htm"
  3   	4         "Windows"		"blank.htm"
  3   	9        "Autoexec.bat"	"blank.htm"
  3   	9        "config.sys"		"blank.htm"
 2    5        "Data (D:)"	" "
  3   8        "Welcome.doc"	"blank.htm"
  3   8        "Bye.doc"		"blank.htm"
 2    12       "CD-ROM (E:)"		"blank.htm"
 2    13       "Data on 'Bob's PC' (F:)"	"blank.htm"
 2    14       "Printers"	"blank.htm"
 2    15       "Control Pannel"	"blank.htm"
 2    16       "Scheduled Tasks"	"blank.htm"
1     6       "Network Neighborhood"      " "
 2    17         "Entire Network"	"blank.htm"
 2    18         "Simon's PC"	"blank.htm"
 2    18         "Bob's PC"	"blank.htm"

1     19       "Recycle Bin"      "blank.htm"

