/* Outline Data File - Simon Daykin                                        */
/* This file contains the data for the outline help system.                */
/*-------------------------------------------------------------------------*/
/* Format for Lines...                                                     */
/*	Level	Icon	Hidden	Title			URL                */
/*-------------------------------------------------------------------------*/

 1	1    "Simon"		" "
  2	1    "public_html"	" "
   3	1    "Miscellaneous"	" "
    4	3    "index.html"	"blank.htm"
   3	1    "Public"		" "
    4	3    "index.html"	"blank.htm"
   3	4    "default.gif"	"blank.htm"
   3	3    "index.html"	"blank.htm"
   3	3    "index.shtml"	"blank.htm"
  2	2    "testrun.cmd"	"blank.htm"
  2	2    "testrun.cmd.1"	"blank.htm"
  2	2    "testrun.cmd.2"	"blank.htm"
  2	7    "mail.outbox"	"blank.htm"

 1     1      "Bob"		" "
  2	1    "public_html"	" "
   3	1    "Miscellaneous"	" "
    4	3    "index.html"	"blank.htm"
   3	1    "Public"		" "
    4	3    "index.html"	"blank.htm"
   3	4    "default.gif"	"blank.htm"
   3	3    "index.html"	"blank.htm"
   3	3    "index.shtml"	"blank.htm"
  2	2    "beam_calc.cmd"	"blank.htm"
  2	2    "beam_calc.cmd.1"	"blank.htm"
  2	5    "beam_calc.lst"	"blank.htm"
  2	7    "mail.outbox"	"blank.htm"

 1     6     "Dumpster"		"blank.htm"

