/* Outline Data File - Simon Daykin                                        */
/* This file contains the data for the outline help system.                */
/*-------------------------------------------------------------------------*/
/* Format for Lines...                                                     */
/*	Level	Icon	Hidden	Title			URL                */
/*-------------------------------------------------------------------------*/

1	1     "Root"		" "
 2	10    "bin"		"blank.htm"
 2	1     "dev"		" "
  3	10    "floppy"		"blank.htm"
  3	10    "cdrom"		"blank.htm"
  3	10    "win"		"blank.htm"
  3	10    "msdos"		"blank.htm"
 2	1     "etc"		" "
  3	10    "X11"		"blank.htm"
  3	10    "cron.d"		"blank.htm"
  3	10    "gtk"		"blank.htm"
  3	10    "mail"		"blank.htm"
  3	10    "profile.d"	"blank.htm"
 2	1     "home"		" "
  3	1     "My Home"	" "
   4	1     "Desktop"	" "
    5	8    "myfile.1"	"blank.htm"
    5	8    "myfile.2"	"blank.htm"
    5	8    "myfile.2"	"blank.htm"
   4	1     "Mail"		" "
    5	7    "Xmail"		"blank.htm"
   4  	4     "snaphot01.gif"	"blank.htm"
   4	4     "snaphot02.gif"	"blank.htm"
   4	4     "snaphot03.gif"	"blank.htm"
  3	9    "cshrc.rc"	"blank.htm"
  3	9    "Xmail.rc"	"blank.htm"
  3	9    "Xinit.rc"	"blank.htm"
 2	10    "lib"		"blank.htm"
 2	10    "lost+found"	"blank.htm"
 2	10    "mnt"		"blank.htm"
 2	10    "tmp"		"blank.htm"
 2	10    "usr"		"blank.htm"

1     1     "My Home"		" "
 2    2     "Desktop"		" "
  3   1     "Autostart"	" "
   4  5     ".runapp"		"blank.htm"
   4  6     "Netscape"		"blank.htm"
  3   10    "Templates"	"blank.htm"
  3   6     "Netscape"		"blank.htm"

1     3     "Trash"		" "
 2    4     "snaphot01.gif"	"blank.htm"
 2    4     "snaphot02.gif"	"blank.htm"
 2    4     "snaphot03.gif"	"blank.htm"


