/* Outline Data File - Simon Daykin                                        */
/* This file contains the data for the outline help system.                */
/*-------------------------------------------------------------------------*/
/* Format for Lines...                                                     */
/*	Level	Icon	Hidden	Title			URL                */
/*-------------------------------------------------------------------------*/

1	2     "Games"		" "
 2      9    "Games Read Me"	"blank.htm"

1       1     "Adobe Type Utilities"	" "
 2      9    "Type Read Me"	"blank.htm"

1       3     "Apple Extras"	" "
 2      9    "Extras Read Me"	"blank.htm"

1       4     "Applications"	" "
 2      1     "Adobe Acrobat 3.0"	" "
  3     10    "PDF File 1"	"blank.htm"
  3     10    "PDF File 1"	"blank.htm"
 2      5     "ClarisWorks 5.0"	" "
  3     10    "Document 1"	"blank.htm"
  3     10    "Document 2"	"blank.htm"
  3     10    "Document 3"	"blank.htm"
 2      11    "Network Browser"	" "
 2      12    "SimpleText"	" "

1       1     "Desktop pics"	" "
 2      10    "Picture 1"	"blank.htm"
 2      10    "Picture 2"	"blank.htm"
 2      10    "Picture 3"	"blank.htm"

1       6    "Browse the Internet"	"blank.htm"
1       7    "Favorites Temp.html"	"blank.htm"
1       8    "Get QuickTime Pro"	"blank.htm"
1       9    "iMac Read Me"	"blank.htm"

