/* Outline Data File - Simon Daykin                                        */
/* This file contains the data for the outline help system.                */
/*-------------------------------------------------------------------------*/
/* Format for Lines...                                                     */
/*	Level	Icon	Title			URL                */
/*-------------------------------------------------------------------------*/
1    3     "Introduction"		"...intro.htm"
1    4     "License Agreement"		"...license.htm"
1    12    "What New?"			"...new.htm"

1    2     "The Applet Tag"		" "
 2   3     "Overview" 			"...tags.htm#top"
 2   4     "Example Tag"	 	"...tags.htm#example"

 2   1     "Image Parameters"		" "
  3  5     "IconX"			"...tags.htm#iconx"
  3  5     "IconXO"			"...tags.htm#iconxo"
  3  5     "IconXM"			"...tags.htm#iconxm"
  3  5     "TitleImageX"		"...tags.htm#titleimagex"
  3  5     "TitleImageXO"		"...tags.htm#titleimagexo"
  3  5     "TitleImageXM"		"...tags.htm#titleimagexm"

 2   1     "Data Parameters"			" "
  3  5     "OutlineFile"		"...tags.htm#datafile"
  3  5     "DataX"	 		"...tags.htm#datalines"
  3  5     "InitialState"		"...tags.htm#initialstate"
  3  5     "URLPrefix"			"...tags.htm#urlprefix"

 2   1     "Font Parameters"			" "
  3  5     "FontFace"			"...tags.htm#fontface"
  3  5     "FontSize"			"...tags.htm#fontsize"
  3  5     "FontStyle"			"...tags.htm#fontstyle"
  3  5     "FontColour"			"...tags.htm#fontcolour"
  3  5     "SelectColour"		"...tags.htm#selectcolour"
  3  5     "SelectBackColour"		"...tags.htm#selectbackcolour"
  3  5     "MouseOverColour"		"...tags.htm#mouseovercolour"
  3  5     "MouseOverBackColour"	"...tags.htm#mouseoverbackcolour"

 2   1     "Background Params"		" "
  3  5     "BackColour"			"...tags.htm#backcolour"
  3  5     "Background"			"...tags.htm#background"
  3  5     "BackgroundX"		"...tags.htm#backimagex"
  3  5     "BackgroundY"		"...tags.htm#backimagey"

 2   1     "Misc. Params"			" "
  3  5     "ShowLines"			"...tags.htm#showlines"
  3  5     "Indent"			"...tags.htm#indent"
  3  5     "ShowRootLines"		"...tags.htm#showrootlines"
  3  5     "DashedLines"		"...tags.htm#dashedlines"
  3  5     "ShowIcons"			"...tags.htm#showicons"
  3  5     "Licence"			"...tags.htm#licence"
  3  5     "Target"			"...tags.htm#target"
  3  5     "AutoClose"			"...tags.htm#autoclose"
  3  5     "LeftScroll"			"...tags.htm#leftscroll"

1    2     "Outline Data"		" "
 2   3     "Overview" 			"...data.htm#top"
 2   5     "Data File Syntax"		"...data.htm#datafile"
 2   5     "DataX Line Syntax"		"...data.htm#datalines"
 2   2     "Special Nodes"		" "
  3  5     "No Action"			"...data.htm#noaction"
  3  5     "Partial Population"		"...data.htm#partialpop"
  3  5     "Different Target"		"...data.htm#difftarget"
  3  5     "Document Anchor Nodes"	"...data.htm#anchor"
  3  5     "URL Prefix Nodes"		"...data.htm#urlprefix"
  3  5     "ImageTitle Nodes"		"...data.htm#imagetitle"

1    2     "Scripting"			" "
 2   3     "Overview" 			"...script.htm#top"
 2   5     "GetState"			"...script.htm#getstate"
 2   5     "SetState"			"...script.htm#setstate"

1    3     "FAQ"			"...faq.htm"
1    6     "Purchasing"			"...purchase.htm"

1    1     "Examples"			" "
 2   8     "Windows Explorer" 		"...example1.htm"
 2   11    "iMac Explorer"	 	"...example2.htm"
 2   6     "Image Titles"	 	"...example3.htm"
 2   9     "SGI Explorer" 		"...example4.htm"
 2   10    "Linux KDE Explorer" 	"...example5.htm"
 2   8     "Using JavaScript"		"...example6.htm"

